2018-05-27 22:23:05.8238|INFO|Microsoft.EntityFrameworkCore.Database.Command|Executed DbCommand (0ms) [Parameters=[], CommandType='Text', CommandTimeout='30']
SELECT CASE
    WHEN EXISTS (
        SELECT 1
        FROM [Products] AS [p])
    THEN CAST(1 AS BIT) ELSE CAST(0 AS BIT)
END
2018-05-27 22:23:12.6102|INFO|Microsoft.EntityFrameworkCore.Database.Command|Executed DbCommand (29ms) [Parameters=[@p0='?' (Size = 100), @p1='?' (Size = 50), @p2='?', @p3='?' (Size = 100), @p4='?' (Size = 50), @p5='?', @p6='?' (Size = 100), @p7='?' (Size = 50), @p8='?'], CommandType='Text', CommandTimeout='30']
SET NOCOUNT ON;
DECLARE @inserted0 TABLE ([Id] int, [_Position] [int]);
MERGE [Products] USING (
VALUES (@p0, @p1, @p2, 0),
(@p3, @p4, @p5, 1),
(@p6, @p7, @p8, 2)) AS i ([Description], [Name], [Price], _Position) ON 1=0
WHEN NOT MATCHED THEN
INSERT ([Description], [Name], [Price])
VALUES (i.[Description], i.[Name], i.[Price])
OUTPUT INSERTED.[Id], i._Position
INTO @inserted0;

SELECT [t].[Id] FROM [Products] t
INNER JOIN @inserted0 i ON ([t].[Id] = [i].[Id])
ORDER BY [i].[_Position];
2018-05-27 22:23:16.9041|INFO|Microsoft.AspNetCore.Hosting.Internal.WebHost|Request starting HTTP/1.1 GET http://localhost:62031/  
2018-05-27 22:23:17.3736|INFO|Microsoft.AspNetCore.Hosting.Internal.WebHost|Request finished in 578.21ms 404 text/plain
2018-05-27 22:23:17.4391|INFO|Microsoft.AspNetCore.Hosting.Internal.WebHost|Request starting HTTP/1.1 GET http://localhost:62031/favicon.ico  
2018-05-27 22:23:17.4651|INFO|Microsoft.AspNetCore.Hosting.Internal.WebHost|Request finished in 7.3062ms 404 text/plain
2018-05-27 22:38:16.3804|INFO|Microsoft.EntityFrameworkCore.Database.Command|Executed DbCommand (0ms) [Parameters=[], CommandType='Text', CommandTimeout='30']
SELECT CASE
    WHEN EXISTS (
        SELECT 1
        FROM [Products] AS [p])
    THEN CAST(1 AS BIT) ELSE CAST(0 AS BIT)
END
2018-05-27 23:11:01.6069|INFO|Microsoft.AspNetCore.Hosting.Internal.WebHost|Request starting HTTP/1.1 GET http://localhost:62031/  
2018-05-27 23:11:02.1284|INFO|Microsoft.AspNetCore.Hosting.Internal.WebHost|Request finished in 578.1788ms 404 text/plain
2018-05-27 23:13:06.5651|INFO|Microsoft.EntityFrameworkCore.Database.Command|Executed DbCommand (0ms) [Parameters=[], CommandType='Text', CommandTimeout='30']
SELECT CASE
    WHEN EXISTS (
        SELECT 1
        FROM [Products] AS [p])
    THEN CAST(1 AS BIT) ELSE CAST(0 AS BIT)
END
2018-05-27 23:13:06.9091|INFO|Microsoft.EntityFrameworkCore.Database.Command|Executed DbCommand (24ms) [Parameters=[@p0='?' (Size = 100), @p1='?' (Size = 50), @p2='?', @p3='?' (Size = 100), @p4='?' (Size = 50), @p5='?', @p6='?' (Size = 100), @p7='?' (Size = 50), @p8='?'], CommandType='Text', CommandTimeout='30']
SET NOCOUNT ON;
DECLARE @inserted0 TABLE ([Id] int, [_Position] [int]);
MERGE [Products] USING (
VALUES (@p0, @p1, @p2, 0),
(@p3, @p4, @p5, 1),
(@p6, @p7, @p8, 2)) AS i ([Description], [Name], [Price], _Position) ON 1=0
WHEN NOT MATCHED THEN
INSERT ([Description], [Name], [Price])
VALUES (i.[Description], i.[Name], i.[Price])
OUTPUT INSERTED.[Id], i._Position
INTO @inserted0;

SELECT [t].[Id] FROM [Products] t
INNER JOIN @inserted0 i ON ([t].[Id] = [i].[Id])
ORDER BY [i].[_Position];
2018-05-27 23:13:07.5838|INFO|Microsoft.AspNetCore.Hosting.Internal.WebHost|Request starting HTTP/1.1 GET http://localhost:62031/  
2018-05-27 23:13:08.0326|INFO|Microsoft.AspNetCore.Hosting.Internal.WebHost|Request finished in 494.3437ms 404 text/plain
2018-05-27 23:54:53.0754|INFO|Microsoft.EntityFrameworkCore.Database.Command|Executed DbCommand (0ms) [Parameters=[], CommandType='Text', CommandTimeout='30']
SELECT CASE
    WHEN EXISTS (
        SELECT 1
        FROM [Products] AS [p])
    THEN CAST(1 AS BIT) ELSE CAST(0 AS BIT)
END
2018-05-27 23:54:53.3156|INFO|Microsoft.EntityFrameworkCore.Infrastructure|Entity Framework Core 2.0.3-rtm-10026 initialized 'MyContext' using provider 'Microsoft.EntityFrameworkCore.SqlServer' with options: None
2018-05-27 23:54:53.3156|INFO|Microsoft.EntityFrameworkCore.Database.Command|Executed DbCommand (0ms) [Parameters=[], CommandType='Text', CommandTimeout='30']
SELECT OBJECT_ID(N'__EFMigrationsHistory');
2018-05-27 23:54:53.3156|INFO|Microsoft.EntityFrameworkCore.Database.Command|Executed DbCommand (1ms) [Parameters=[], CommandType='Text', CommandTimeout='30']
SELECT OBJECT_ID(N'__EFMigrationsHistory');
2018-05-27 23:54:53.3156|INFO|Microsoft.EntityFrameworkCore.Database.Command|Executed DbCommand (0ms) [Parameters=[], CommandType='Text', CommandTimeout='30']
SELECT [MigrationId], [ProductVersion]
FROM [__EFMigrationsHistory]
ORDER BY [MigrationId];
2018-05-27 23:54:53.3225|INFO|Microsoft.EntityFrameworkCore.Migrations|No migrations were applied. The database is already up to date.
2018-05-27 23:56:46.3148|INFO|Microsoft.EntityFrameworkCore.Database.Command|Executed DbCommand (1ms) [Parameters=[], CommandType='Text', CommandTimeout='30']
SELECT CASE
    WHEN EXISTS (
        SELECT 1
        FROM [Products] AS [p])
    THEN CAST(1 AS BIT) ELSE CAST(0 AS BIT)
END
2018-05-27 23:56:47.2018|INFO|Microsoft.AspNetCore.Hosting.Internal.WebHost|Request starting HTTP/1.1 GET http://localhost:62031/  
2018-05-27 23:56:47.6336|INFO|Microsoft.AspNetCore.Hosting.Internal.WebHost|Request finished in 500.7421ms 404 text/plain
