2018-05-23 00:10:11.4574|INFO|Microsoft.AspNetCore.Hosting.Internal.WebHost|Request starting HTTP/1.1 GET http://localhost:62031/  
2018-05-23 00:10:11.9293|INFO|Microsoft.AspNetCore.Hosting.Internal.WebHost|Request finished in 519.4992ms 404 text/plain
2018-05-23 00:10:12.0202|INFO|Microsoft.AspNetCore.Hosting.Internal.WebHost|Request starting HTTP/1.1 GET http://localhost:62031/favicon.ico  
2018-05-23 00:10:12.0467|INFO|Microsoft.AspNetCore.Hosting.Internal.WebHost|Request finished in 27.7554ms 404 text/plain
2018-05-23 00:10:21.0220|INFO|Microsoft.AspNetCore.Hosting.Internal.WebHost|Request starting HTTP/1.1 GET http://localhost:62031/api/test  
2018-05-23 00:10:21.7235|INFO|Microsoft.EntityFrameworkCore.Infrastructure|Entity Framework Core 2.0.3-rtm-10026 initialized 'MyContext' using provider 'Microsoft.EntityFrameworkCore.SqlServer' with options: None
2018-05-23 00:10:32.1475|INFO|Microsoft.EntityFrameworkCore.Database.Command|Executed DbCommand (122ms) [Parameters=[], CommandType='Text', CommandTimeout='60']
CREATE DATABASE [ProductDB];
2018-05-23 00:10:32.2265|INFO|Microsoft.EntityFrameworkCore.Database.Command|Executed DbCommand (49ms) [Parameters=[], CommandType='Text', CommandTimeout='60']
IF SERVERPROPERTY('EngineEdition') <> 5 EXEC(N'ALTER DATABASE [ProductDB] SET READ_COMMITTED_SNAPSHOT ON;');
2018-05-23 00:10:32.3683|INFO|Microsoft.EntityFrameworkCore.Database.Command|Executed DbCommand (3ms) [Parameters=[], CommandType='Text', CommandTimeout='30']
CREATE TABLE [Products] (
    [Id] int NOT NULL IDENTITY,
    [Name] nvarchar(max) NULL,
    [Price] real NOT NULL,
    CONSTRAINT [PK_Products] PRIMARY KEY ([Id])
);
2018-05-23 00:11:03.5676|INFO|Microsoft.AspNetCore.Mvc.Internal.ControllerActionInvoker|Executing action method CoreApi.Controllers.TestController.Get (CoreApi) with arguments ((null)) - ModelState is Valid
2018-05-23 00:11:03.6030|INFO|Microsoft.AspNetCore.Mvc.StatusCodeResult|Executing HttpStatusCodeResult, setting HTTP status code 200
2018-05-23 00:11:03.6431|INFO|Microsoft.AspNetCore.Mvc.Internal.ControllerActionInvoker|Executed action CoreApi.Controllers.TestController.Get (CoreApi) in 42479.9982ms
2018-05-23 00:11:03.6568|INFO|Microsoft.AspNetCore.Hosting.Internal.WebHost|Request finished in 42657.4434ms 200 
2018-05-23 23:00:49.1506|INFO|Microsoft.AspNetCore.Hosting.Internal.WebHost|Request starting HTTP/1.1 GET http://localhost:62031/  
2018-05-23 23:00:49.7635|INFO|Microsoft.AspNetCore.Hosting.Internal.WebHost|Request finished in 685.025ms 404 text/plain
2018-05-23 23:00:49.8932|INFO|Microsoft.AspNetCore.Hosting.Internal.WebHost|Request starting HTTP/1.1 GET http://localhost:62031/favicon.ico  
2018-05-23 23:00:49.9010|INFO|Microsoft.AspNetCore.Hosting.Internal.WebHost|Request finished in 27.5329ms 404 text/plain
2018-05-23 23:01:16.4831|INFO|Microsoft.AspNetCore.Hosting.Internal.WebHost|Request starting HTTP/1.1 GET http://localhost:62031/api/test  
2018-05-23 23:01:17.2190|INFO|Microsoft.EntityFrameworkCore.Infrastructure|Entity Framework Core 2.0.3-rtm-10026 initialized 'MyContext' using provider 'Microsoft.EntityFrameworkCore.SqlServer' with options: None
2018-05-23 23:01:17.3968|INFO|Microsoft.EntityFrameworkCore.Database.Command|Executed DbCommand (13ms) [Parameters=[], CommandType='Text', CommandTimeout='30']
IF EXISTS (SELECT * FROM INFORMATION_SCHEMA.TABLES WHERE TABLE_TYPE = 'BASE TABLE') SELECT 1 ELSE SELECT 0
2018-05-23 23:01:17.5278|INFO|Microsoft.EntityFrameworkCore.Database.Command|Executed DbCommand (1ms) [Parameters=[], CommandType='Text', CommandTimeout='30']
CREATE TABLE [Products] (
    [Id] int NOT NULL IDENTITY,
    [Name] nvarchar(50) NOT NULL,
    [Price] decimal(8,2) NOT NULL,
    CONSTRAINT [PK_Products] PRIMARY KEY ([Id])
);
2018-05-23 23:01:17.5869|INFO|Microsoft.AspNetCore.Mvc.Internal.ControllerActionInvoker|Executing action method CoreApi.Controllers.TestController.Get (CoreApi) with arguments ((null)) - ModelState is Valid
2018-05-23 23:01:17.6214|INFO|Microsoft.AspNetCore.Mvc.StatusCodeResult|Executing HttpStatusCodeResult, setting HTTP status code 200
2018-05-23 23:01:17.6580|INFO|Microsoft.AspNetCore.Mvc.Internal.ControllerActionInvoker|Executed action CoreApi.Controllers.TestController.Get (CoreApi) in 1042.1403ms
2018-05-23 23:01:17.6724|INFO|Microsoft.AspNetCore.Hosting.Internal.WebHost|Request finished in 1206.2107ms 200 
2018-05-23 23:03:04.3564|INFO|Microsoft.EntityFrameworkCore.Infrastructure|Entity Framework Core 2.0.3-rtm-10026 initialized 'MyContext' using provider 'Microsoft.EntityFrameworkCore.SqlServer' with options: None
2018-05-23 23:03:04.4824|INFO|Microsoft.EntityFrameworkCore.Database.Command|Executed DbCommand (11ms) [Parameters=[], CommandType='Text', CommandTimeout='30']
IF EXISTS (SELECT * FROM INFORMATION_SCHEMA.TABLES WHERE TABLE_TYPE = 'BASE TABLE') SELECT 1 ELSE SELECT 0
2018-05-23 23:07:40.7193|INFO|Microsoft.AspNetCore.Hosting.Internal.WebHost|Request starting HTTP/1.1 GET http://localhost:62031/  
2018-05-23 23:07:41.1883|INFO|Microsoft.AspNetCore.Hosting.Internal.WebHost|Request finished in 533.4029ms 404 text/plain
2018-05-23 23:07:45.0228|INFO|Microsoft.AspNetCore.Hosting.Internal.WebHost|Request starting HTTP/1.1 GET http://localhost:62031/api/test  
2018-05-23 23:07:45.7059|INFO|Microsoft.EntityFrameworkCore.Infrastructure|Entity Framework Core 2.0.3-rtm-10026 initialized 'MyContext' using provider 'Microsoft.EntityFrameworkCore.SqlServer' with options: None
2018-05-23 23:07:45.8237|INFO|Microsoft.EntityFrameworkCore.Database.Command|Executed DbCommand (6ms) [Parameters=[], CommandType='Text', CommandTimeout='30']
SELECT OBJECT_ID(N'__EFMigrationsHistory');
2018-05-23 23:07:45.9386|INFO|Microsoft.EntityFrameworkCore.Database.Command|Executed DbCommand (1ms) [Parameters=[], CommandType='Text', CommandTimeout='30']
CREATE TABLE [__EFMigrationsHistory] (
    [MigrationId] nvarchar(150) NOT NULL,
    [ProductVersion] nvarchar(32) NOT NULL,
    CONSTRAINT [PK___EFMigrationsHistory] PRIMARY KEY ([MigrationId])
);
2018-05-23 23:07:45.9643|INFO|Microsoft.EntityFrameworkCore.Database.Command|Executed DbCommand (0ms) [Parameters=[], CommandType='Text', CommandTimeout='30']
SELECT OBJECT_ID(N'__EFMigrationsHistory');
2018-05-23 23:07:45.9911|INFO|Microsoft.EntityFrameworkCore.Database.Command|Executed DbCommand (1ms) [Parameters=[], CommandType='Text', CommandTimeout='30']
SELECT [MigrationId], [ProductVersion]
FROM [__EFMigrationsHistory]
ORDER BY [MigrationId];
2018-05-23 23:07:46.0322|INFO|Microsoft.EntityFrameworkCore.Migrations|Applying migration '20180523150304_ProductInfoDbInitialMigration'.
2018-05-23 23:07:46.0788|INFO|Microsoft.EntityFrameworkCore.Database.Command|Executed DbCommand (0ms) [Parameters=[], CommandType='Text', CommandTimeout='30']
CREATE TABLE [Products] (
    [Id] int NOT NULL IDENTITY,
    [Name] nvarchar(50) NOT NULL,
    [Price] decimal(8,2) NOT NULL,
    CONSTRAINT [PK_Products] PRIMARY KEY ([Id])
);
2018-05-23 23:07:46.1076|INFO|Microsoft.EntityFrameworkCore.Database.Command|Executed DbCommand (3ms) [Parameters=[], CommandType='Text', CommandTimeout='30']
INSERT INTO [__EFMigrationsHistory] ([MigrationId], [ProductVersion])
VALUES (N'20180523150304_ProductInfoDbInitialMigration', N'2.0.3-rtm-10026');
2018-05-23 23:07:46.1658|INFO|Microsoft.AspNetCore.Mvc.Internal.ControllerActionInvoker|Executing action method CoreApi.Controllers.TestController.Get (CoreApi) with arguments ((null)) - ModelState is Valid
2018-05-23 23:07:46.2018|INFO|Microsoft.AspNetCore.Mvc.StatusCodeResult|Executing HttpStatusCodeResult, setting HTTP status code 200
2018-05-23 23:07:46.2381|INFO|Microsoft.AspNetCore.Mvc.Internal.ControllerActionInvoker|Executed action CoreApi.Controllers.TestController.Get (CoreApi) in 1080.9325ms
2018-05-23 23:07:46.2674|INFO|Microsoft.AspNetCore.Hosting.Internal.WebHost|Request finished in 1233.6026ms 200 
2018-05-23 23:08:48.4273|INFO|Microsoft.AspNetCore.Hosting.Internal.WebHost|Request starting HTTP/1.1 GET http://localhost:62031/api/test  
2018-05-23 23:08:48.4844|INFO|Microsoft.EntityFrameworkCore.Infrastructure|Entity Framework Core 2.0.3-rtm-10026 initialized 'MyContext' using provider 'Microsoft.EntityFrameworkCore.SqlServer' with options: None
2018-05-23 23:08:58.6226|INFO|Microsoft.EntityFrameworkCore.Database.Command|Executed DbCommand (68ms) [Parameters=[], CommandType='Text', CommandTimeout='60']
CREATE DATABASE [ProductDB];
2018-05-23 23:08:58.6703|INFO|Microsoft.EntityFrameworkCore.Database.Command|Executed DbCommand (22ms) [Parameters=[], CommandType='Text', CommandTimeout='60']
IF SERVERPROPERTY('EngineEdition') <> 5 EXEC(N'ALTER DATABASE [ProductDB] SET READ_COMMITTED_SNAPSHOT ON;');
2018-05-23 23:08:58.7019|INFO|Microsoft.EntityFrameworkCore.Database.Command|Executed DbCommand (3ms) [Parameters=[], CommandType='Text', CommandTimeout='30']
CREATE TABLE [__EFMigrationsHistory] (
    [MigrationId] nvarchar(150) NOT NULL,
    [ProductVersion] nvarchar(32) NOT NULL,
    CONSTRAINT [PK___EFMigrationsHistory] PRIMARY KEY ([MigrationId])
);
2018-05-23 23:08:58.7279|INFO|Microsoft.EntityFrameworkCore.Database.Command|Executed DbCommand (0ms) [Parameters=[], CommandType='Text', CommandTimeout='30']
SELECT OBJECT_ID(N'__EFMigrationsHistory');
2018-05-23 23:08:58.7524|INFO|Microsoft.EntityFrameworkCore.Database.Command|Executed DbCommand (0ms) [Parameters=[], CommandType='Text', CommandTimeout='30']
SELECT [MigrationId], [ProductVersion]
FROM [__EFMigrationsHistory]
ORDER BY [MigrationId];
2018-05-23 23:08:58.7762|INFO|Microsoft.EntityFrameworkCore.Migrations|Applying migration '20180523150304_ProductInfoDbInitialMigration'.
2018-05-23 23:08:58.8020|INFO|Microsoft.EntityFrameworkCore.Database.Command|Executed DbCommand (0ms) [Parameters=[], CommandType='Text', CommandTimeout='30']
CREATE TABLE [Products] (
    [Id] int NOT NULL IDENTITY,
    [Name] nvarchar(50) NOT NULL,
    [Price] decimal(8,2) NOT NULL,
    CONSTRAINT [PK_Products] PRIMARY KEY ([Id])
);
2018-05-23 23:08:58.8269|INFO|Microsoft.EntityFrameworkCore.Database.Command|Executed DbCommand (0ms) [Parameters=[], CommandType='Text', CommandTimeout='30']
INSERT INTO [__EFMigrationsHistory] ([MigrationId], [ProductVersion])
VALUES (N'20180523150304_ProductInfoDbInitialMigration', N'2.0.3-rtm-10026');
2018-05-23 23:08:58.8611|INFO|Microsoft.AspNetCore.Mvc.Internal.ControllerActionInvoker|Executing action method CoreApi.Controllers.TestController.Get (CoreApi) with arguments ((null)) - ModelState is Valid
2018-05-23 23:08:58.8853|INFO|Microsoft.AspNetCore.Mvc.StatusCodeResult|Executing HttpStatusCodeResult, setting HTTP status code 200
2018-05-23 23:08:58.9092|INFO|Microsoft.AspNetCore.Mvc.Internal.ControllerActionInvoker|Executed action CoreApi.Controllers.TestController.Get (CoreApi) in 10455.1761ms
2018-05-23 23:08:58.9343|INFO|Microsoft.AspNetCore.Hosting.Internal.WebHost|Request finished in 10487.2622ms 200 
2018-05-23 23:12:29.5867|INFO|Microsoft.AspNetCore.Hosting.Internal.WebHost|Request starting HTTP/1.1 GET http://localhost:62031/  
2018-05-23 23:12:30.0230|INFO|Microsoft.AspNetCore.Hosting.Internal.WebHost|Request finished in 485.9261ms 404 text/plain
2018-05-23 23:13:20.4701|INFO|Microsoft.EntityFrameworkCore.Infrastructure|Entity Framework Core 2.0.3-rtm-10026 initialized 'MyContext' using provider 'Microsoft.EntityFrameworkCore.SqlServer' with options: None
2018-05-23 23:13:20.5988|INFO|Microsoft.EntityFrameworkCore.Database.Command|Executed DbCommand (6ms) [Parameters=[], CommandType='Text', CommandTimeout='30']
SELECT OBJECT_ID(N'__EFMigrationsHistory');
2018-05-23 23:13:20.6039|INFO|Microsoft.EntityFrameworkCore.Database.Command|Executed DbCommand (1ms) [Parameters=[], CommandType='Text', CommandTimeout='30']
SELECT OBJECT_ID(N'__EFMigrationsHistory');
2018-05-23 23:13:20.6039|INFO|Microsoft.EntityFrameworkCore.Database.Command|Executed DbCommand (1ms) [Parameters=[], CommandType='Text', CommandTimeout='30']
SELECT [MigrationId], [ProductVersion]
FROM [__EFMigrationsHistory]
ORDER BY [MigrationId];
2018-05-23 23:13:20.6300|INFO|Microsoft.EntityFrameworkCore.Migrations|No migrations were applied. The database is already up to date.
2018-05-23 23:14:20.6662|INFO|Microsoft.EntityFrameworkCore.Infrastructure|Entity Framework Core 2.0.3-rtm-10026 initialized 'MyContext' using provider 'Microsoft.EntityFrameworkCore.SqlServer' with options: None
2018-05-23 23:14:20.8172|INFO|Microsoft.EntityFrameworkCore.Database.Command|Executed DbCommand (7ms) [Parameters=[], CommandType='Text', CommandTimeout='30']
SELECT OBJECT_ID(N'__EFMigrationsHistory');
2018-05-23 23:14:20.8172|INFO|Microsoft.EntityFrameworkCore.Database.Command|Executed DbCommand (0ms) [Parameters=[], CommandType='Text', CommandTimeout='30']
SELECT OBJECT_ID(N'__EFMigrationsHistory');
2018-05-23 23:14:20.8308|INFO|Microsoft.EntityFrameworkCore.Database.Command|Executed DbCommand (0ms) [Parameters=[], CommandType='Text', CommandTimeout='30']
SELECT [MigrationId], [ProductVersion]
FROM [__EFMigrationsHistory]
ORDER BY [MigrationId];
2018-05-23 23:14:20.8520|INFO|Microsoft.EntityFrameworkCore.Migrations|Applying migration '20180523151320_AddDescriptionToProduct'.
2018-05-23 23:14:20.8946|INFO|Microsoft.EntityFrameworkCore.Database.Command|Executed DbCommand (8ms) [Parameters=[], CommandType='Text', CommandTimeout='30']
ALTER TABLE [Products] ADD [Description] nvarchar(100) NULL;
2018-05-23 23:14:20.8946|INFO|Microsoft.EntityFrameworkCore.Database.Command|Executed DbCommand (0ms) [Parameters=[], CommandType='Text', CommandTimeout='30']
INSERT INTO [__EFMigrationsHistory] ([MigrationId], [ProductVersion])
VALUES (N'20180523151320_AddDescriptionToProduct', N'2.0.3-rtm-10026');
2018-05-23 23:14:20.9116|INFO|Microsoft.EntityFrameworkCore.Database.Command|Executed DbCommand (0ms) [Parameters=[], CommandType='Text', CommandTimeout='30']
SELECT OBJECT_ID(N'__EFMigrationsHistory');
2018-05-23 23:14:20.9116|INFO|Microsoft.EntityFrameworkCore.Database.Command|Executed DbCommand (0ms) [Parameters=[], CommandType='Text', CommandTimeout='30']
SELECT OBJECT_ID(N'__EFMigrationsHistory');
2018-05-23 23:14:20.9116|INFO|Microsoft.EntityFrameworkCore.Database.Command|Executed DbCommand (0ms) [Parameters=[], CommandType='Text', CommandTimeout='30']
SELECT [MigrationId], [ProductVersion]
FROM [__EFMigrationsHistory]
ORDER BY [MigrationId];
2018-05-23 23:14:20.9171|INFO|Microsoft.EntityFrameworkCore.Migrations|No migrations were applied. The database is already up to date.
2018-05-23 23:21:26.8408|INFO|Microsoft.AspNetCore.Hosting.Internal.WebHost|Request starting HTTP/1.1 GET http://localhost:62031/  
2018-05-23 23:21:27.1615|INFO|Microsoft.AspNetCore.Hosting.Internal.WebHost|Request finished in 355.3276ms 404 text/plain
2018-05-23 23:22:56.1693|INFO|Microsoft.AspNetCore.Hosting.Internal.WebHost|Request starting HTTP/1.1 GET http://localhost:62031/  
2018-05-23 23:22:56.1693|INFO|Microsoft.AspNetCore.Hosting.Internal.WebHost|Request finished in 9.6857ms 404 text/plain
2018-05-23 23:23:06.1670|INFO|Microsoft.AspNetCore.Hosting.Internal.WebHost|Request starting HTTP/1.1 GET http://localhost:62031/  
2018-05-23 23:23:06.1670|INFO|Microsoft.AspNetCore.Hosting.Internal.WebHost|Request finished in 24.7158ms 404 text/plain
2018-05-23 23:23:07.2079|INFO|Microsoft.AspNetCore.Hosting.Internal.WebHost|Request starting HTTP/1.1 GET http://localhost:62031/  
2018-05-23 23:23:07.2332|INFO|Microsoft.AspNetCore.Hosting.Internal.WebHost|Request finished in 23.866ms 404 text/plain
2018-05-23 23:23:09.8419|INFO|Microsoft.AspNetCore.Hosting.Internal.WebHost|Request starting HTTP/1.1 GET http://localhost:62031/api/test  
2018-05-23 23:23:10.4838|INFO|Microsoft.EntityFrameworkCore.Infrastructure|Entity Framework Core 2.0.3-rtm-10026 initialized 'MyContext' using provider 'Microsoft.EntityFrameworkCore.SqlServer' with options: None
2018-05-23 23:23:10.6125|INFO|Microsoft.EntityFrameworkCore.Database.Command|Executed DbCommand (7ms) [Parameters=[], CommandType='Text', CommandTimeout='30']
SELECT OBJECT_ID(N'__EFMigrationsHistory');
2018-05-23 23:23:10.6384|INFO|Microsoft.EntityFrameworkCore.Database.Command|Executed DbCommand (0ms) [Parameters=[], CommandType='Text', CommandTimeout='30']
SELECT OBJECT_ID(N'__EFMigrationsHistory');
2018-05-23 23:23:10.6708|INFO|Microsoft.EntityFrameworkCore.Database.Command|Executed DbCommand (0ms) [Parameters=[], CommandType='Text', CommandTimeout='30']
SELECT [MigrationId], [ProductVersion]
FROM [__EFMigrationsHistory]
ORDER BY [MigrationId];
2018-05-23 23:23:10.7096|INFO|Microsoft.EntityFrameworkCore.Migrations|No migrations were applied. The database is already up to date.
2018-05-23 23:23:10.7600|INFO|Microsoft.AspNetCore.Mvc.Internal.ControllerActionInvoker|Executing action method CoreApi.Controllers.TestController.Get (CoreApi) with arguments ((null)) - ModelState is Valid
2018-05-23 23:23:10.7944|INFO|Microsoft.AspNetCore.Mvc.StatusCodeResult|Executing HttpStatusCodeResult, setting HTTP status code 200
2018-05-23 23:23:10.8518|INFO|Microsoft.AspNetCore.Mvc.Internal.ControllerActionInvoker|Executed action CoreApi.Controllers.TestController.Get (CoreApi) in 862.3552ms
2018-05-23 23:23:10.8997|INFO|Microsoft.AspNetCore.Hosting.Internal.WebHost|Request finished in 1032.2144ms 200 
2018-05-23 23:23:30.6270|INFO|Microsoft.AspNetCore.Hosting.Internal.WebHost|Request starting HTTP/1.1 GET http://localhost:62031/  
2018-05-23 23:23:31.0627|INFO|Microsoft.AspNetCore.Hosting.Internal.WebHost|Request finished in 520.3813ms 404 text/plain
2018-05-23 23:24:57.4927|INFO|Microsoft.AspNetCore.Hosting.Internal.WebHost|Request starting HTTP/1.1 GET http://localhost:62031/  
2018-05-23 23:24:57.8249|INFO|Microsoft.AspNetCore.Hosting.Internal.WebHost|Request finished in 371.7341ms 404 text/plain
2018-05-23 23:26:33.3638|INFO|Microsoft.AspNetCore.Hosting.Internal.WebHost|Request starting HTTP/1.1 GET http://localhost:62031/  
2018-05-23 23:26:33.6881|INFO|Microsoft.AspNetCore.Hosting.Internal.WebHost|Request finished in 359.569ms 404 text/plain
