2018-06-10 22:49:35.0585|INFO|Microsoft.EntityFrameworkCore.Database.Command|Executed DbCommand (0ms) [Parameters=[], CommandType='Text', CommandTimeout='30']
SELECT CASE
    WHEN EXISTS (
        SELECT 1
        FROM [Products] AS [p])
    THEN CAST(1 AS BIT) ELSE CAST(0 AS BIT)
END
2018-06-10 22:49:36.0669|INFO|Microsoft.AspNetCore.Hosting.Internal.WebHost|Request starting HTTP/1.1 GET http://localhost:62031/  
2018-06-10 22:49:36.5000|INFO|Microsoft.AspNetCore.Hosting.Internal.WebHost|Request finished in 496.1179ms 404 text/plain
2018-06-10 22:49:36.5887|INFO|Microsoft.AspNetCore.Hosting.Internal.WebHost|Request starting HTTP/1.1 GET http://localhost:62031/favicon.ico  
2018-06-10 22:49:36.5887|INFO|Microsoft.AspNetCore.Hosting.Internal.WebHost|Request finished in 8.3409ms 404 text/plain
2018-06-10 22:50:09.4128|INFO|Microsoft.EntityFrameworkCore.Database.Command|Executed DbCommand (0ms) [Parameters=[], CommandType='Text', CommandTimeout='30']
SELECT CASE
    WHEN EXISTS (
        SELECT 1
        FROM [Products] AS [p])
    THEN CAST(1 AS BIT) ELSE CAST(0 AS BIT)
END
2018-06-10 23:03:28.3320|INFO|Microsoft.EntityFrameworkCore.Database.Command|Executed DbCommand (0ms) [Parameters=[], CommandType='Text', CommandTimeout='30']
SELECT CASE
    WHEN EXISTS (
        SELECT 1
        FROM [Products] AS [p])
    THEN CAST(1 AS BIT) ELSE CAST(0 AS BIT)
END
2018-06-10 23:03:29.0832|INFO|Microsoft.AspNetCore.Hosting.Internal.WebHost|Request starting HTTP/1.1 GET http://localhost:62031/  
2018-06-10 23:03:29.4337|INFO|Microsoft.AspNetCore.Hosting.Internal.WebHost|Request finished in 432.5696ms 404 text/plain
2018-06-10 23:03:37.6092|INFO|Microsoft.AspNetCore.Hosting.Internal.WebHost|Request starting HTTP/1.1 GET http://localhost:62031/api/product/4?includeMaterial=true  
2018-06-10 23:03:37.7807|INFO|Microsoft.EntityFrameworkCore.Infrastructure|Entity Framework Core 2.0.3-rtm-10026 initialized 'MyContext' using provider 'Microsoft.EntityFrameworkCore.SqlServer' with options: None
2018-06-10 23:03:37.8096|INFO|Microsoft.EntityFrameworkCore.Database.Command|Executed DbCommand (0ms) [Parameters=[], CommandType='Text', CommandTimeout='30']
SELECT OBJECT_ID(N'__EFMigrationsHistory');
2018-06-10 23:03:37.8384|INFO|Microsoft.EntityFrameworkCore.Database.Command|Executed DbCommand (0ms) [Parameters=[], CommandType='Text', CommandTimeout='30']
SELECT OBJECT_ID(N'__EFMigrationsHistory');
2018-06-10 23:03:37.8669|INFO|Microsoft.EntityFrameworkCore.Database.Command|Executed DbCommand (0ms) [Parameters=[], CommandType='Text', CommandTimeout='30']
SELECT [MigrationId], [ProductVersion]
FROM [__EFMigrationsHistory]
ORDER BY [MigrationId];
2018-06-10 23:03:37.8964|INFO|Microsoft.EntityFrameworkCore.Migrations|No migrations were applied. The database is already up to date.
2018-06-10 23:03:38.0190|INFO|Microsoft.AspNetCore.Mvc.Internal.ControllerActionInvoker|Executing action method CoreApi.Controllers.ProductController.GetProduct (CoreApi) with arguments (4, True) - ModelState is Valid
2018-06-10 23:03:38.3561|INFO|Microsoft.EntityFrameworkCore.Database.Command|Executed DbCommand (24ms) [Parameters=[@__productId_0='?'], CommandType='Text', CommandTimeout='30']
SELECT TOP(1) [t].[Id], [t].[Description], [t].[Name], [t].[Price]
FROM [Products] AS [t]
WHERE [t].[Id] = @__productId_0
ORDER BY [t].[Id]
2018-06-10 23:03:38.4388|INFO|Microsoft.EntityFrameworkCore.Database.Command|Executed DbCommand (0ms) [Parameters=[@__productId_0='?'], CommandType='Text', CommandTimeout='30']
SELECT [t.Materials].[Id], [t.Materials].[Name], [t.Materials].[ProductId]
FROM [Materials] AS [t.Materials]
INNER JOIN (
    SELECT TOP(1) [t0].[Id]
    FROM [Products] AS [t0]
    WHERE [t0].[Id] = @__productId_0
    ORDER BY [t0].[Id]
) AS [t1] ON [t.Materials].[ProductId] = [t1].[Id]
ORDER BY [t1].[Id]
2018-06-10 23:03:38.5173|INFO|Microsoft.AspNetCore.Mvc.Internal.ObjectResultExecutor|Executing ObjectResult, writing value Microsoft.AspNetCore.Mvc.ControllerContext.
2018-06-10 23:03:38.6409|INFO|Microsoft.AspNetCore.Mvc.Internal.ControllerActionInvoker|Executed action CoreApi.Controllers.ProductController.GetProduct (CoreApi) in 879.2294ms
2018-06-10 23:03:38.6674|INFO|Microsoft.AspNetCore.Hosting.Internal.WebHost|Request finished in 1056.3289ms 200 application/json; charset=utf-8
2018-06-10 23:03:44.8584|INFO|Microsoft.AspNetCore.Hosting.Internal.WebHost|Request starting HTTP/1.1 GET http://localhost:62031/api/product/4/materials  
2018-06-10 23:03:44.8843|INFO|Microsoft.EntityFrameworkCore.Infrastructure|Entity Framework Core 2.0.3-rtm-10026 initialized 'MyContext' using provider 'Microsoft.EntityFrameworkCore.SqlServer' with options: None
2018-06-10 23:03:44.9136|INFO|Microsoft.EntityFrameworkCore.Database.Command|Executed DbCommand (0ms) [Parameters=[], CommandType='Text', CommandTimeout='30']
SELECT OBJECT_ID(N'__EFMigrationsHistory');
2018-06-10 23:03:44.9467|INFO|Microsoft.EntityFrameworkCore.Database.Command|Executed DbCommand (0ms) [Parameters=[], CommandType='Text', CommandTimeout='30']
SELECT OBJECT_ID(N'__EFMigrationsHistory');
2018-06-10 23:03:44.9770|INFO|Microsoft.EntityFrameworkCore.Database.Command|Executed DbCommand (0ms) [Parameters=[], CommandType='Text', CommandTimeout='30']
SELECT [MigrationId], [ProductVersion]
FROM [__EFMigrationsHistory]
ORDER BY [MigrationId];
2018-06-10 23:03:45.0046|INFO|Microsoft.EntityFrameworkCore.Migrations|No migrations were applied. The database is already up to date.
2018-06-10 23:03:45.0366|INFO|Microsoft.AspNetCore.Mvc.Internal.ControllerActionInvoker|Executing action method CoreApi.Controllers.MaterialController.GetMaterials (CoreApi) with arguments (4) - ModelState is Valid
2018-06-10 23:03:45.0857|INFO|Microsoft.EntityFrameworkCore.Database.Command|Executed DbCommand (8ms) [Parameters=[@__productID_0='?'], CommandType='Text', CommandTimeout='30']
SELECT CASE
    WHEN EXISTS (
        SELECT 1
        FROM [Products] AS [x]
        WHERE [x].[Id] = @__productID_0)
    THEN CAST(1 AS BIT) ELSE CAST(0 AS BIT)
END
2018-06-10 23:03:45.1373|INFO|Microsoft.EntityFrameworkCore.Database.Command|Executed DbCommand (2ms) [Parameters=[@__productId_0='?'], CommandType='Text', CommandTimeout='30']
SELECT [x].[Id], [x].[Name], [x].[ProductId]
FROM [Materials] AS [x]
WHERE [x].[ProductId] = @__productId_0
2018-06-10 23:03:45.1871|INFO|Microsoft.AspNetCore.Mvc.Internal.ObjectResultExecutor|Executing ObjectResult, writing value Microsoft.AspNetCore.Mvc.ControllerContext.
2018-06-10 23:03:45.2157|INFO|Microsoft.AspNetCore.Mvc.Internal.ControllerActionInvoker|Executed action CoreApi.Controllers.MaterialController.GetMaterials (CoreApi) in 328.1166ms
2018-06-10 23:03:45.2480|INFO|Microsoft.AspNetCore.Hosting.Internal.WebHost|Request finished in 381.952ms 200 application/json; charset=utf-8
2018-06-10 23:03:49.8084|INFO|Microsoft.AspNetCore.Hosting.Internal.WebHost|Request starting HTTP/1.1 GET http://localhost:62031/api/product/5/materials  
2018-06-10 23:03:49.8341|INFO|Microsoft.EntityFrameworkCore.Infrastructure|Entity Framework Core 2.0.3-rtm-10026 initialized 'MyContext' using provider 'Microsoft.EntityFrameworkCore.SqlServer' with options: None
2018-06-10 23:03:49.8607|INFO|Microsoft.EntityFrameworkCore.Database.Command|Executed DbCommand (0ms) [Parameters=[], CommandType='Text', CommandTimeout='30']
SELECT OBJECT_ID(N'__EFMigrationsHistory');
2018-06-10 23:03:49.8893|INFO|Microsoft.EntityFrameworkCore.Database.Command|Executed DbCommand (0ms) [Parameters=[], CommandType='Text', CommandTimeout='30']
SELECT OBJECT_ID(N'__EFMigrationsHistory');
2018-06-10 23:03:49.9213|INFO|Microsoft.EntityFrameworkCore.Database.Command|Executed DbCommand (0ms) [Parameters=[], CommandType='Text', CommandTimeout='30']
SELECT [MigrationId], [ProductVersion]
FROM [__EFMigrationsHistory]
ORDER BY [MigrationId];
2018-06-10 23:03:49.9540|INFO|Microsoft.EntityFrameworkCore.Migrations|No migrations were applied. The database is already up to date.
2018-06-10 23:03:49.9831|INFO|Microsoft.AspNetCore.Mvc.Internal.ControllerActionInvoker|Executing action method CoreApi.Controllers.MaterialController.GetMaterials (CoreApi) with arguments (5) - ModelState is Valid
2018-06-10 23:03:50.0213|INFO|Microsoft.EntityFrameworkCore.Database.Command|Executed DbCommand (0ms) [Parameters=[@__productID_0='?'], CommandType='Text', CommandTimeout='30']
SELECT CASE
    WHEN EXISTS (
        SELECT 1
        FROM [Products] AS [x]
        WHERE [x].[Id] = @__productID_0)
    THEN CAST(1 AS BIT) ELSE CAST(0 AS BIT)
END
2018-06-10 23:03:50.0550|INFO|Microsoft.EntityFrameworkCore.Database.Command|Executed DbCommand (0ms) [Parameters=[@__productId_0='?'], CommandType='Text', CommandTimeout='30']
SELECT [x].[Id], [x].[Name], [x].[ProductId]
FROM [Materials] AS [x]
WHERE [x].[ProductId] = @__productId_0
2018-06-10 23:03:50.0880|INFO|Microsoft.AspNetCore.Mvc.Internal.ObjectResultExecutor|Executing ObjectResult, writing value Microsoft.AspNetCore.Mvc.ControllerContext.
2018-06-10 23:03:50.1034|INFO|Microsoft.AspNetCore.Mvc.Internal.ControllerActionInvoker|Executed action CoreApi.Controllers.MaterialController.GetMaterials (CoreApi) in 280.2352ms
2018-06-10 23:03:50.1345|INFO|Microsoft.AspNetCore.Hosting.Internal.WebHost|Request finished in 320.0629ms 200 application/json; charset=utf-8
2018-06-10 23:03:53.0285|INFO|Microsoft.AspNetCore.Hosting.Internal.WebHost|Request starting HTTP/1.1 GET http://localhost:62031/api/product/6/materials  
2018-06-10 23:03:53.0583|INFO|Microsoft.EntityFrameworkCore.Infrastructure|Entity Framework Core 2.0.3-rtm-10026 initialized 'MyContext' using provider 'Microsoft.EntityFrameworkCore.SqlServer' with options: None
2018-06-10 23:03:53.0925|INFO|Microsoft.EntityFrameworkCore.Database.Command|Executed DbCommand (0ms) [Parameters=[], CommandType='Text', CommandTimeout='30']
SELECT OBJECT_ID(N'__EFMigrationsHistory');
2018-06-10 23:03:53.1314|INFO|Microsoft.EntityFrameworkCore.Database.Command|Executed DbCommand (2ms) [Parameters=[], CommandType='Text', CommandTimeout='30']
SELECT OBJECT_ID(N'__EFMigrationsHistory');
2018-06-10 23:03:53.1570|INFO|Microsoft.EntityFrameworkCore.Database.Command|Executed DbCommand (0ms) [Parameters=[], CommandType='Text', CommandTimeout='30']
SELECT [MigrationId], [ProductVersion]
FROM [__EFMigrationsHistory]
ORDER BY [MigrationId];
2018-06-10 23:03:53.1856|INFO|Microsoft.EntityFrameworkCore.Migrations|No migrations were applied. The database is already up to date.
2018-06-10 23:03:53.2175|INFO|Microsoft.AspNetCore.Mvc.Internal.ControllerActionInvoker|Executing action method CoreApi.Controllers.MaterialController.GetMaterials (CoreApi) with arguments (6) - ModelState is Valid
2018-06-10 23:03:53.2507|INFO|Microsoft.EntityFrameworkCore.Database.Command|Executed DbCommand (0ms) [Parameters=[@__productID_0='?'], CommandType='Text', CommandTimeout='30']
SELECT CASE
    WHEN EXISTS (
        SELECT 1
        FROM [Products] AS [x]
        WHERE [x].[Id] = @__productID_0)
    THEN CAST(1 AS BIT) ELSE CAST(0 AS BIT)
END
2018-06-10 23:03:53.2839|INFO|Microsoft.EntityFrameworkCore.Database.Command|Executed DbCommand (0ms) [Parameters=[@__productId_0='?'], CommandType='Text', CommandTimeout='30']
SELECT [x].[Id], [x].[Name], [x].[ProductId]
FROM [Materials] AS [x]
WHERE [x].[ProductId] = @__productId_0
2018-06-10 23:03:53.3138|INFO|Microsoft.AspNetCore.Mvc.Internal.ObjectResultExecutor|Executing ObjectResult, writing value Microsoft.AspNetCore.Mvc.ControllerContext.
2018-06-10 23:03:53.3401|INFO|Microsoft.AspNetCore.Mvc.Internal.ControllerActionInvoker|Executed action CoreApi.Controllers.MaterialController.GetMaterials (CoreApi) in 285.7562ms
2018-06-10 23:03:53.3652|INFO|Microsoft.AspNetCore.Hosting.Internal.WebHost|Request finished in 335.4908ms 200 application/json; charset=utf-8
2018-06-10 23:03:55.6637|INFO|Microsoft.AspNetCore.Hosting.Internal.WebHost|Request starting HTTP/1.1 GET http://localhost:62031/api/product/76/materials  
2018-06-10 23:03:55.6879|INFO|Microsoft.EntityFrameworkCore.Infrastructure|Entity Framework Core 2.0.3-rtm-10026 initialized 'MyContext' using provider 'Microsoft.EntityFrameworkCore.SqlServer' with options: None
2018-06-10 23:03:55.7161|INFO|Microsoft.EntityFrameworkCore.Database.Command|Executed DbCommand (0ms) [Parameters=[], CommandType='Text', CommandTimeout='30']
SELECT OBJECT_ID(N'__EFMigrationsHistory');
2018-06-10 23:03:55.7473|INFO|Microsoft.EntityFrameworkCore.Database.Command|Executed DbCommand (0ms) [Parameters=[], CommandType='Text', CommandTimeout='30']
SELECT OBJECT_ID(N'__EFMigrationsHistory');
2018-06-10 23:03:55.7797|INFO|Microsoft.EntityFrameworkCore.Database.Command|Executed DbCommand (0ms) [Parameters=[], CommandType='Text', CommandTimeout='30']
SELECT [MigrationId], [ProductVersion]
FROM [__EFMigrationsHistory]
ORDER BY [MigrationId];
2018-06-10 23:03:55.8113|INFO|Microsoft.EntityFrameworkCore.Migrations|No migrations were applied. The database is already up to date.
2018-06-10 23:03:55.8374|INFO|Microsoft.AspNetCore.Mvc.Internal.ControllerActionInvoker|Executing action method CoreApi.Controllers.MaterialController.GetMaterials (CoreApi) with arguments (76) - ModelState is Valid
2018-06-10 23:03:55.8670|INFO|Microsoft.EntityFrameworkCore.Database.Command|Executed DbCommand (0ms) [Parameters=[@__productID_0='?'], CommandType='Text', CommandTimeout='30']
SELECT CASE
    WHEN EXISTS (
        SELECT 1
        FROM [Products] AS [x]
        WHERE [x].[Id] = @__productID_0)
    THEN CAST(1 AS BIT) ELSE CAST(0 AS BIT)
END
2018-06-10 23:03:55.9019|INFO|Microsoft.AspNetCore.Mvc.StatusCodeResult|Executing HttpStatusCodeResult, setting HTTP status code 404
2018-06-10 23:03:55.9350|INFO|Microsoft.AspNetCore.Mvc.Internal.ControllerActionInvoker|Executed action CoreApi.Controllers.MaterialController.GetMaterials (CoreApi) in 240.1318ms
2018-06-10 23:03:55.9652|INFO|Microsoft.AspNetCore.Hosting.Internal.WebHost|Request finished in 296.9799ms 404 text/plain
2018-06-10 23:04:03.7273|INFO|Microsoft.AspNetCore.Hosting.Internal.WebHost|Request starting HTTP/1.1 GET http://localhost:62031/api/product/7/materials  
2018-06-10 23:04:03.7518|INFO|Microsoft.EntityFrameworkCore.Infrastructure|Entity Framework Core 2.0.3-rtm-10026 initialized 'MyContext' using provider 'Microsoft.EntityFrameworkCore.SqlServer' with options: None
2018-06-10 23:04:03.7800|INFO|Microsoft.EntityFrameworkCore.Database.Command|Executed DbCommand (0ms) [Parameters=[], CommandType='Text', CommandTimeout='30']
SELECT OBJECT_ID(N'__EFMigrationsHistory');
2018-06-10 23:04:03.8123|INFO|Microsoft.EntityFrameworkCore.Database.Command|Executed DbCommand (0ms) [Parameters=[], CommandType='Text', CommandTimeout='30']
SELECT OBJECT_ID(N'__EFMigrationsHistory');
2018-06-10 23:04:03.8466|INFO|Microsoft.EntityFrameworkCore.Database.Command|Executed DbCommand (0ms) [Parameters=[], CommandType='Text', CommandTimeout='30']
SELECT [MigrationId], [ProductVersion]
FROM [__EFMigrationsHistory]
ORDER BY [MigrationId];
2018-06-10 23:04:03.8761|INFO|Microsoft.EntityFrameworkCore.Migrations|No migrations were applied. The database is already up to date.
2018-06-10 23:04:03.9066|INFO|Microsoft.AspNetCore.Mvc.Internal.ControllerActionInvoker|Executing action method CoreApi.Controllers.MaterialController.GetMaterials (CoreApi) with arguments (7) - ModelState is Valid
2018-06-10 23:04:03.9402|INFO|Microsoft.EntityFrameworkCore.Database.Command|Executed DbCommand (0ms) [Parameters=[@__productID_0='?'], CommandType='Text', CommandTimeout='30']
SELECT CASE
    WHEN EXISTS (
        SELECT 1
        FROM [Products] AS [x]
        WHERE [x].[Id] = @__productID_0)
    THEN CAST(1 AS BIT) ELSE CAST(0 AS BIT)
END
2018-06-10 23:04:03.9716|INFO|Microsoft.AspNetCore.Mvc.StatusCodeResult|Executing HttpStatusCodeResult, setting HTTP status code 404
2018-06-10 23:04:04.0034|INFO|Microsoft.AspNetCore.Mvc.Internal.ControllerActionInvoker|Executed action CoreApi.Controllers.MaterialController.GetMaterials (CoreApi) in 245.17ms
2018-06-10 23:04:04.0338|INFO|Microsoft.AspNetCore.Hosting.Internal.WebHost|Request finished in 301.8305ms 404 text/plain
2018-06-10 23:04:19.1120|INFO|Microsoft.AspNetCore.Hosting.Internal.WebHost|Request starting HTTP/1.1 GET http://localhost:62031/api/product/4/materials  
2018-06-10 23:04:19.1373|INFO|Microsoft.EntityFrameworkCore.Infrastructure|Entity Framework Core 2.0.3-rtm-10026 initialized 'MyContext' using provider 'Microsoft.EntityFrameworkCore.SqlServer' with options: None
2018-06-10 23:04:19.1661|INFO|Microsoft.EntityFrameworkCore.Database.Command|Executed DbCommand (0ms) [Parameters=[], CommandType='Text', CommandTimeout='30']
SELECT OBJECT_ID(N'__EFMigrationsHistory');
2018-06-10 23:04:19.1936|INFO|Microsoft.EntityFrameworkCore.Database.Command|Executed DbCommand (0ms) [Parameters=[], CommandType='Text', CommandTimeout='30']
SELECT OBJECT_ID(N'__EFMigrationsHistory');
2018-06-10 23:04:19.2254|INFO|Microsoft.EntityFrameworkCore.Database.Command|Executed DbCommand (0ms) [Parameters=[], CommandType='Text', CommandTimeout='30']
SELECT [MigrationId], [ProductVersion]
FROM [__EFMigrationsHistory]
ORDER BY [MigrationId];
2018-06-10 23:04:19.2711|INFO|Microsoft.EntityFrameworkCore.Migrations|No migrations were applied. The database is already up to date.
2018-06-10 23:04:19.2965|INFO|Microsoft.AspNetCore.Mvc.Internal.ControllerActionInvoker|Executing action method CoreApi.Controllers.MaterialController.GetMaterials (CoreApi) with arguments (4) - ModelState is Valid
2018-06-10 23:04:19.3217|INFO|Microsoft.EntityFrameworkCore.Database.Command|Executed DbCommand (0ms) [Parameters=[@__productID_0='?'], CommandType='Text', CommandTimeout='30']
SELECT CASE
    WHEN EXISTS (
        SELECT 1
        FROM [Products] AS [x]
        WHERE [x].[Id] = @__productID_0)
    THEN CAST(1 AS BIT) ELSE CAST(0 AS BIT)
END
2018-06-10 23:04:19.3486|INFO|Microsoft.EntityFrameworkCore.Database.Command|Executed DbCommand (0ms) [Parameters=[@__productId_0='?'], CommandType='Text', CommandTimeout='30']
SELECT [x].[Id], [x].[Name], [x].[ProductId]
FROM [Materials] AS [x]
WHERE [x].[ProductId] = @__productId_0
2018-06-10 23:04:19.3744|INFO|Microsoft.AspNetCore.Mvc.Internal.ObjectResultExecutor|Executing ObjectResult, writing value Microsoft.AspNetCore.Mvc.ControllerContext.
2018-06-10 23:04:19.3988|INFO|Microsoft.AspNetCore.Mvc.Internal.ControllerActionInvoker|Executed action CoreApi.Controllers.MaterialController.GetMaterials (CoreApi) in 262.0715ms
2018-06-10 23:04:19.4228|INFO|Microsoft.AspNetCore.Hosting.Internal.WebHost|Request finished in 310.5503ms 200 application/json; charset=utf-8
2018-06-10 23:04:23.0895|INFO|Microsoft.AspNetCore.Hosting.Internal.WebHost|Request starting HTTP/1.1 GET http://localhost:62031/api/product/4/materials/1  
2018-06-10 23:04:23.1159|INFO|Microsoft.EntityFrameworkCore.Infrastructure|Entity Framework Core 2.0.3-rtm-10026 initialized 'MyContext' using provider 'Microsoft.EntityFrameworkCore.SqlServer' with options: None
2018-06-10 23:04:23.1400|INFO|Microsoft.EntityFrameworkCore.Database.Command|Executed DbCommand (0ms) [Parameters=[], CommandType='Text', CommandTimeout='30']
SELECT OBJECT_ID(N'__EFMigrationsHistory');
2018-06-10 23:04:23.1713|INFO|Microsoft.EntityFrameworkCore.Database.Command|Executed DbCommand (0ms) [Parameters=[], CommandType='Text', CommandTimeout='30']
SELECT OBJECT_ID(N'__EFMigrationsHistory');
2018-06-10 23:04:23.2031|INFO|Microsoft.EntityFrameworkCore.Database.Command|Executed DbCommand (0ms) [Parameters=[], CommandType='Text', CommandTimeout='30']
SELECT [MigrationId], [ProductVersion]
FROM [__EFMigrationsHistory]
ORDER BY [MigrationId];
2018-06-10 23:04:23.2349|INFO|Microsoft.EntityFrameworkCore.Migrations|No migrations were applied. The database is already up to date.
2018-06-10 23:04:23.2651|INFO|Microsoft.AspNetCore.Mvc.Internal.ControllerActionInvoker|Executing action method CoreApi.Controllers.MaterialController.GetMateril (CoreApi) with arguments (4, 1) - ModelState is Valid
2018-06-10 23:04:23.2945|INFO|Microsoft.EntityFrameworkCore.Database.Command|Executed DbCommand (0ms) [Parameters=[@__productID_0='?'], CommandType='Text', CommandTimeout='30']
SELECT CASE
    WHEN EXISTS (
        SELECT 1
        FROM [Products] AS [x]
        WHERE [x].[Id] = @__productID_0)
    THEN CAST(1 AS BIT) ELSE CAST(0 AS BIT)
END
2018-06-10 23:04:23.3475|INFO|Microsoft.EntityFrameworkCore.Database.Command|Executed DbCommand (7ms) [Parameters=[@__productId_0='?', @__materialId_1='?'], CommandType='Text', CommandTimeout='30']
SELECT TOP(1) [x].[Id], [x].[Name], [x].[ProductId]
FROM [Materials] AS [x]
WHERE ([x].[ProductId] = @__productId_0) AND ([x].[Id] = @__materialId_1)
2018-06-10 23:04:23.3818|INFO|Microsoft.AspNetCore.Mvc.Internal.ObjectResultExecutor|Executing ObjectResult, writing value Microsoft.AspNetCore.Mvc.ControllerContext.
2018-06-10 23:04:23.4166|INFO|Microsoft.AspNetCore.Mvc.Internal.ControllerActionInvoker|Executed action CoreApi.Controllers.MaterialController.GetMateril (CoreApi) in 291.9551ms
2018-06-10 23:04:23.4474|INFO|Microsoft.AspNetCore.Hosting.Internal.WebHost|Request finished in 352.4303ms 200 application/json; charset=utf-8
2018-06-10 23:12:18.3509|INFO|Microsoft.EntityFrameworkCore.Database.Command|Executed DbCommand (0ms) [Parameters=[], CommandType='Text', CommandTimeout='30']
SELECT CASE
    WHEN EXISTS (
        SELECT 1
        FROM [Products] AS [p])
    THEN CAST(1 AS BIT) ELSE CAST(0 AS BIT)
END
2018-06-10 23:12:19.2510|INFO|Microsoft.AspNetCore.Hosting.Internal.WebHost|Request starting HTTP/1.1 GET http://localhost:62031/  
2018-06-10 23:12:19.6201|INFO|Microsoft.AspNetCore.Hosting.Internal.WebHost|Request finished in 463.5123ms 404 text/plain
2018-06-10 23:12:37.7235|INFO|Microsoft.AspNetCore.Hosting.Internal.WebHost|Request starting HTTP/1.1 GET http://localhost:62031/api/product/products  
2018-06-10 23:12:37.8785|INFO|Microsoft.EntityFrameworkCore.Infrastructure|Entity Framework Core 2.0.3-rtm-10026 initialized 'MyContext' using provider 'Microsoft.EntityFrameworkCore.SqlServer' with options: None
2018-06-10 23:12:37.9067|INFO|Microsoft.EntityFrameworkCore.Database.Command|Executed DbCommand (0ms) [Parameters=[], CommandType='Text', CommandTimeout='30']
SELECT OBJECT_ID(N'__EFMigrationsHistory');
2018-06-10 23:12:37.9325|INFO|Microsoft.EntityFrameworkCore.Database.Command|Executed DbCommand (0ms) [Parameters=[], CommandType='Text', CommandTimeout='30']
SELECT OBJECT_ID(N'__EFMigrationsHistory');
2018-06-10 23:12:37.9624|INFO|Microsoft.EntityFrameworkCore.Database.Command|Executed DbCommand (0ms) [Parameters=[], CommandType='Text', CommandTimeout='30']
SELECT [MigrationId], [ProductVersion]
FROM [__EFMigrationsHistory]
ORDER BY [MigrationId];
2018-06-10 23:12:37.9917|INFO|Microsoft.EntityFrameworkCore.Migrations|No migrations were applied. The database is already up to date.
2018-06-10 23:12:38.1198|INFO|Microsoft.AspNetCore.Mvc.Internal.ControllerActionInvoker|Executing action method CoreApi.Controllers.ProductController.GetProduct (CoreApi) with arguments (0, False) - ModelState is Invalid
2018-06-10 23:12:38.2921|INFO|Microsoft.EntityFrameworkCore.Database.Command|Executed DbCommand (22ms) [Parameters=[@__get_Item_0='?'], CommandType='Text', CommandTimeout='30']
SELECT TOP(1) [e].[Id], [e].[Description], [e].[Name], [e].[Price]
FROM [Products] AS [e]
WHERE [e].[Id] = @__get_Item_0
2018-06-10 23:12:38.3352|INFO|Microsoft.AspNetCore.Mvc.StatusCodeResult|Executing HttpStatusCodeResult, setting HTTP status code 404
2018-06-10 23:12:38.3758|INFO|Microsoft.AspNetCore.Mvc.Internal.ControllerActionInvoker|Executed action CoreApi.Controllers.ProductController.GetProduct (CoreApi) in 513.6669ms
2018-06-10 23:12:38.4118|INFO|Microsoft.AspNetCore.Hosting.Internal.WebHost|Request finished in 680.7066ms 404 text/plain
2018-06-10 23:12:44.4894|INFO|Microsoft.AspNetCore.Hosting.Internal.WebHost|Request starting HTTP/1.1 GET http://localhost:62031/api/product/products  
2018-06-10 23:12:44.5198|INFO|Microsoft.EntityFrameworkCore.Infrastructure|Entity Framework Core 2.0.3-rtm-10026 initialized 'MyContext' using provider 'Microsoft.EntityFrameworkCore.SqlServer' with options: None
2018-06-10 23:12:44.5521|INFO|Microsoft.EntityFrameworkCore.Database.Command|Executed DbCommand (0ms) [Parameters=[], CommandType='Text', CommandTimeout='30']
SELECT OBJECT_ID(N'__EFMigrationsHistory');
2018-06-10 23:12:44.5838|INFO|Microsoft.EntityFrameworkCore.Database.Command|Executed DbCommand (0ms) [Parameters=[], CommandType='Text', CommandTimeout='30']
SELECT OBJECT_ID(N'__EFMigrationsHistory');
2018-06-10 23:12:44.6146|INFO|Microsoft.EntityFrameworkCore.Database.Command|Executed DbCommand (0ms) [Parameters=[], CommandType='Text', CommandTimeout='30']
SELECT [MigrationId], [ProductVersion]
FROM [__EFMigrationsHistory]
ORDER BY [MigrationId];
2018-06-10 23:12:44.6447|INFO|Microsoft.EntityFrameworkCore.Migrations|No migrations were applied. The database is already up to date.
2018-06-10 23:12:44.6765|INFO|Microsoft.AspNetCore.Mvc.Internal.ControllerActionInvoker|Executing action method CoreApi.Controllers.ProductController.GetProduct (CoreApi) with arguments (0, False) - ModelState is Invalid
2018-06-10 23:12:44.7221|INFO|Microsoft.EntityFrameworkCore.Database.Command|Executed DbCommand (0ms) [Parameters=[@__get_Item_0='?'], CommandType='Text', CommandTimeout='30']
SELECT TOP(1) [e].[Id], [e].[Description], [e].[Name], [e].[Price]
FROM [Products] AS [e]
WHERE [e].[Id] = @__get_Item_0
2018-06-10 23:12:44.7544|INFO|Microsoft.AspNetCore.Mvc.StatusCodeResult|Executing HttpStatusCodeResult, setting HTTP status code 404
2018-06-10 23:12:44.7835|INFO|Microsoft.AspNetCore.Mvc.Internal.ControllerActionInvoker|Executed action CoreApi.Controllers.ProductController.GetProduct (CoreApi) in 264.5355ms
2018-06-10 23:12:44.8097|INFO|Microsoft.AspNetCore.Hosting.Internal.WebHost|Request finished in 318.2579ms 404 text/plain
2018-06-10 23:12:48.0236|INFO|Microsoft.AspNetCore.Hosting.Internal.WebHost|Request starting HTTP/1.1 GET http://localhost:62031/api/product  
2018-06-10 23:12:48.0497|INFO|Microsoft.EntityFrameworkCore.Infrastructure|Entity Framework Core 2.0.3-rtm-10026 initialized 'MyContext' using provider 'Microsoft.EntityFrameworkCore.SqlServer' with options: None
2018-06-10 23:12:48.0794|INFO|Microsoft.EntityFrameworkCore.Database.Command|Executed DbCommand (0ms) [Parameters=[], CommandType='Text', CommandTimeout='30']
SELECT OBJECT_ID(N'__EFMigrationsHistory');
2018-06-10 23:12:48.1091|INFO|Microsoft.EntityFrameworkCore.Database.Command|Executed DbCommand (0ms) [Parameters=[], CommandType='Text', CommandTimeout='30']
SELECT OBJECT_ID(N'__EFMigrationsHistory');
2018-06-10 23:12:48.1367|INFO|Microsoft.EntityFrameworkCore.Database.Command|Executed DbCommand (0ms) [Parameters=[], CommandType='Text', CommandTimeout='30']
SELECT [MigrationId], [ProductVersion]
FROM [__EFMigrationsHistory]
ORDER BY [MigrationId];
2018-06-10 23:12:48.1643|INFO|Microsoft.EntityFrameworkCore.Migrations|No migrations were applied. The database is already up to date.
2018-06-10 23:12:48.1913|INFO|Microsoft.AspNetCore.Mvc.Internal.ControllerActionInvoker|Executing action method CoreApi.Controllers.ProductController.GetProducts (CoreApi) with arguments ((null)) - ModelState is Valid
2018-06-10 23:12:51.4587|INFO|Microsoft.EntityFrameworkCore.Database.Command|Executed DbCommand (0ms) [Parameters=[], CommandType='Text', CommandTimeout='30']
SELECT [t].[Id], [t].[Description], [t].[Name], [t].[Price]
FROM [Products] AS [t]
ORDER BY [t].[Name]
2018-06-10 23:12:59.3666|INFO|Microsoft.AspNetCore.Mvc.Internal.ObjectResultExecutor|Executing ObjectResult, writing value Microsoft.AspNetCore.Mvc.ControllerContext.
2018-06-10 23:12:59.4715|INFO|Microsoft.AspNetCore.Mvc.Internal.ControllerActionInvoker|Executed action CoreApi.Controllers.ProductController.GetProducts (CoreApi) in 11422.1727ms
2018-06-10 23:12:59.4955|INFO|Microsoft.AspNetCore.Hosting.Internal.WebHost|Request finished in 11473.0191ms 200 application/json; charset=utf-8
2018-06-10 23:17:20.5878|INFO|Microsoft.EntityFrameworkCore.Database.Command|Executed DbCommand (0ms) [Parameters=[], CommandType='Text', CommandTimeout='30']
SELECT CASE
    WHEN EXISTS (
        SELECT 1
        FROM [Products] AS [p])
    THEN CAST(1 AS BIT) ELSE CAST(0 AS BIT)
END
2018-06-10 23:17:21.5753|INFO|Microsoft.AspNetCore.Hosting.Internal.WebHost|Request starting HTTP/1.1 GET http://localhost:62031/  
2018-06-10 23:17:21.9533|INFO|Microsoft.AspNetCore.Hosting.Internal.WebHost|Request finished in 426.7029ms 404 text/plain
2018-06-10 23:17:31.7214|INFO|Microsoft.AspNetCore.Hosting.Internal.WebHost|Request starting HTTP/1.1 GET http://localhost:62031/api/product/5  
2018-06-10 23:17:31.8607|INFO|Microsoft.EntityFrameworkCore.Infrastructure|Entity Framework Core 2.0.3-rtm-10026 initialized 'MyContext' using provider 'Microsoft.EntityFrameworkCore.SqlServer' with options: None
2018-06-10 23:17:31.8858|INFO|Microsoft.EntityFrameworkCore.Database.Command|Executed DbCommand (0ms) [Parameters=[], CommandType='Text', CommandTimeout='30']
SELECT OBJECT_ID(N'__EFMigrationsHistory');
2018-06-10 23:17:31.9130|INFO|Microsoft.EntityFrameworkCore.Database.Command|Executed DbCommand (0ms) [Parameters=[], CommandType='Text', CommandTimeout='30']
SELECT OBJECT_ID(N'__EFMigrationsHistory');
2018-06-10 23:17:31.9407|INFO|Microsoft.EntityFrameworkCore.Database.Command|Executed DbCommand (0ms) [Parameters=[], CommandType='Text', CommandTimeout='30']
SELECT [MigrationId], [ProductVersion]
FROM [__EFMigrationsHistory]
ORDER BY [MigrationId];
2018-06-10 23:17:31.9701|INFO|Microsoft.EntityFrameworkCore.Migrations|No migrations were applied. The database is already up to date.
2018-06-10 23:17:32.1081|INFO|Microsoft.AspNetCore.Mvc.Internal.ControllerActionInvoker|Executing action method CoreApi.Controllers.ProductController.GetProduct (CoreApi) with arguments (5, False) - ModelState is Valid
2018-06-10 23:17:32.2905|INFO|Microsoft.EntityFrameworkCore.Database.Command|Executed DbCommand (23ms) [Parameters=[@__get_Item_0='?'], CommandType='Text', CommandTimeout='30']
SELECT TOP(1) [e].[Id], [e].[Description], [e].[Name], [e].[Price]
FROM [Products] AS [e]
WHERE [e].[Id] = @__get_Item_0
2018-06-10 23:20:34.2358|INFO|Microsoft.EntityFrameworkCore.Database.Command|Executed DbCommand (0ms) [Parameters=[], CommandType='Text', CommandTimeout='30']
SELECT CASE
    WHEN EXISTS (
        SELECT 1
        FROM [Products] AS [p])
    THEN CAST(1 AS BIT) ELSE CAST(0 AS BIT)
END
2018-06-10 23:20:36.7639|INFO|Microsoft.AspNetCore.Hosting.Internal.WebHost|Request starting HTTP/1.1 GET http://localhost:62031/api/product/5  
2018-06-10 23:20:37.2157|INFO|Microsoft.EntityFrameworkCore.Infrastructure|Entity Framework Core 2.0.3-rtm-10026 initialized 'MyContext' using provider 'Microsoft.EntityFrameworkCore.SqlServer' with options: None
2018-06-10 23:20:37.2408|INFO|Microsoft.EntityFrameworkCore.Database.Command|Executed DbCommand (0ms) [Parameters=[], CommandType='Text', CommandTimeout='30']
SELECT OBJECT_ID(N'__EFMigrationsHistory');
2018-06-10 23:20:37.2648|INFO|Microsoft.EntityFrameworkCore.Database.Command|Executed DbCommand (0ms) [Parameters=[], CommandType='Text', CommandTimeout='30']
SELECT OBJECT_ID(N'__EFMigrationsHistory');
2018-06-10 23:20:37.2890|INFO|Microsoft.EntityFrameworkCore.Database.Command|Executed DbCommand (0ms) [Parameters=[], CommandType='Text', CommandTimeout='30']
SELECT [MigrationId], [ProductVersion]
FROM [__EFMigrationsHistory]
ORDER BY [MigrationId];
2018-06-10 23:20:37.3187|INFO|Microsoft.EntityFrameworkCore.Migrations|No migrations were applied. The database is already up to date.
2018-06-10 23:20:37.4707|INFO|Microsoft.AspNetCore.Mvc.Internal.ControllerActionInvoker|Executing action method CoreApi.Controllers.ProductController.GetProduct (CoreApi) with arguments (5, False) - ModelState is Valid
2018-06-10 23:20:37.6524|INFO|Microsoft.EntityFrameworkCore.Database.Command|Executed DbCommand (22ms) [Parameters=[@__get_Item_0='?'], CommandType='Text', CommandTimeout='30']
SELECT TOP(1) [e].[Id], [e].[Description], [e].[Name], [e].[Price]
FROM [Products] AS [e]
WHERE [e].[Id] = @__get_Item_0
2018-06-10 23:20:37.7771|INFO|Microsoft.AspNetCore.Mvc.Internal.ObjectResultExecutor|Executing ObjectResult, writing value Microsoft.AspNetCore.Mvc.ControllerContext.
2018-06-10 23:20:37.9241|INFO|Microsoft.AspNetCore.Mvc.Internal.ControllerActionInvoker|Executed action CoreApi.Controllers.ProductController.GetProduct (CoreApi) in 708.1763ms
2018-06-10 23:20:37.9595|INFO|Microsoft.AspNetCore.Hosting.Internal.WebHost|Request finished in 1249.2644ms 200 application/json; charset=utf-8
2018-06-10 23:20:52.8890|INFO|Microsoft.AspNetCore.Hosting.Internal.WebHost|Request starting HTTP/1.1 GET http://localhost:62031/api/product/5?includeMaterial=true  
2018-06-10 23:20:52.9184|INFO|Microsoft.EntityFrameworkCore.Infrastructure|Entity Framework Core 2.0.3-rtm-10026 initialized 'MyContext' using provider 'Microsoft.EntityFrameworkCore.SqlServer' with options: None
2018-06-10 23:20:52.9472|INFO|Microsoft.EntityFrameworkCore.Database.Command|Executed DbCommand (0ms) [Parameters=[], CommandType='Text', CommandTimeout='30']
SELECT OBJECT_ID(N'__EFMigrationsHistory');
2018-06-10 23:20:52.9472|INFO|Microsoft.EntityFrameworkCore.Database.Command|Executed DbCommand (0ms) [Parameters=[], CommandType='Text', CommandTimeout='30']
SELECT OBJECT_ID(N'__EFMigrationsHistory');
2018-06-10 23:20:52.9832|INFO|Microsoft.EntityFrameworkCore.Database.Command|Executed DbCommand (0ms) [Parameters=[], CommandType='Text', CommandTimeout='30']
SELECT [MigrationId], [ProductVersion]
FROM [__EFMigrationsHistory]
ORDER BY [MigrationId];
2018-06-10 23:20:53.0078|INFO|Microsoft.EntityFrameworkCore.Migrations|No migrations were applied. The database is already up to date.
2018-06-10 23:20:53.0366|INFO|Microsoft.AspNetCore.Mvc.Internal.ControllerActionInvoker|Executing action method CoreApi.Controllers.ProductController.GetProduct (CoreApi) with arguments (5, True) - ModelState is Valid
2018-06-10 23:20:53.2174|INFO|Microsoft.EntityFrameworkCore.Database.Command|Executed DbCommand (0ms) [Parameters=[@__productId_0='?'], CommandType='Text', CommandTimeout='30']
SELECT TOP(1) [t].[Id], [t].[Description], [t].[Name], [t].[Price]
FROM [Products] AS [t]
WHERE [t].[Id] = @__productId_0
ORDER BY [t].[Id]
2018-06-10 23:20:53.2494|INFO|Microsoft.EntityFrameworkCore.Database.Command|Executed DbCommand (0ms) [Parameters=[@__productId_0='?'], CommandType='Text', CommandTimeout='30']
SELECT [t.Materials].[Id], [t.Materials].[Name], [t.Materials].[ProductId]
FROM [Materials] AS [t.Materials]
INNER JOIN (
    SELECT TOP(1) [t0].[Id]
    FROM [Products] AS [t0]
    WHERE [t0].[Id] = @__productId_0
    ORDER BY [t0].[Id]
) AS [t1] ON [t.Materials].[ProductId] = [t1].[Id]
ORDER BY [t1].[Id]
2018-06-10 23:20:53.3272|INFO|Microsoft.AspNetCore.Mvc.Internal.ObjectResultExecutor|Executing ObjectResult, writing value Microsoft.AspNetCore.Mvc.ControllerContext.
2018-06-10 23:20:53.3604|INFO|Microsoft.AspNetCore.Mvc.Internal.ControllerActionInvoker|Executed action CoreApi.Controllers.ProductController.GetProduct (CoreApi) in 442.5223ms
2018-06-10 23:20:53.3895|INFO|Microsoft.AspNetCore.Hosting.Internal.WebHost|Request finished in 497.2395ms 200 application/json; charset=utf-8
2018-06-10 23:28:20.5096|INFO|Microsoft.EntityFrameworkCore.Database.Command|Executed DbCommand (0ms) [Parameters=[], CommandType='Text', CommandTimeout='30']
SELECT CASE
    WHEN EXISTS (
        SELECT 1
        FROM [Products] AS [p])
    THEN CAST(1 AS BIT) ELSE CAST(0 AS BIT)
END
2018-06-10 23:28:56.1972|INFO|Microsoft.AspNetCore.Hosting.Internal.WebHost|Request starting HTTP/1.1 POST http://localhost:62031/api/product application/json 40
2018-06-10 23:28:56.6245|INFO|Microsoft.EntityFrameworkCore.Infrastructure|Entity Framework Core 2.0.3-rtm-10026 initialized 'MyContext' using provider 'Microsoft.EntityFrameworkCore.SqlServer' with options: None
2018-06-10 23:28:56.6523|INFO|Microsoft.EntityFrameworkCore.Database.Command|Executed DbCommand (0ms) [Parameters=[], CommandType='Text', CommandTimeout='30']
SELECT OBJECT_ID(N'__EFMigrationsHistory');
2018-06-10 23:28:56.6768|INFO|Microsoft.EntityFrameworkCore.Database.Command|Executed DbCommand (0ms) [Parameters=[], CommandType='Text', CommandTimeout='30']
SELECT OBJECT_ID(N'__EFMigrationsHistory');
2018-06-10 23:28:56.7018|INFO|Microsoft.EntityFrameworkCore.Database.Command|Executed DbCommand (0ms) [Parameters=[], CommandType='Text', CommandTimeout='30']
SELECT [MigrationId], [ProductVersion]
FROM [__EFMigrationsHistory]
ORDER BY [MigrationId];
2018-06-10 23:28:56.7290|INFO|Microsoft.EntityFrameworkCore.Migrations|No migrations were applied. The database is already up to date.
2018-06-10 23:28:56.9903|INFO|Microsoft.AspNetCore.Mvc.Internal.ControllerActionInvoker|Executing action method CoreApi.Controllers.ProductController.Post (CoreApi) with arguments (CoreApi.Dtos.ProductCreation) - ModelState is Valid
2018-06-10 23:30:37.8261|INFO|Microsoft.EntityFrameworkCore.Database.Command|Executed DbCommand (0ms) [Parameters=[], CommandType='Text', CommandTimeout='30']
SELECT CASE
    WHEN EXISTS (
        SELECT 1
        FROM [Products] AS [p])
    THEN CAST(1 AS BIT) ELSE CAST(0 AS BIT)
END
2018-06-10 23:30:38.7962|INFO|Microsoft.AspNetCore.Hosting.Internal.WebHost|Request starting HTTP/1.1 GET http://localhost:62031/  
2018-06-10 23:30:38.9398|INFO|Microsoft.AspNetCore.Hosting.Internal.WebHost|Request starting HTTP/1.1 POST http://localhost:62031/api/product application/json 40
2018-06-10 23:30:39.2296|INFO|Microsoft.AspNetCore.Hosting.Internal.WebHost|Request finished in 482.8628ms 404 text/plain
2018-06-10 23:30:39.3184|INFO|Microsoft.EntityFrameworkCore.Infrastructure|Entity Framework Core 2.0.3-rtm-10026 initialized 'MyContext' using provider 'Microsoft.EntityFrameworkCore.SqlServer' with options: None
2018-06-10 23:30:39.3440|INFO|Microsoft.EntityFrameworkCore.Database.Command|Executed DbCommand (0ms) [Parameters=[], CommandType='Text', CommandTimeout='30']
SELECT OBJECT_ID(N'__EFMigrationsHistory');
2018-06-10 23:30:39.3688|INFO|Microsoft.EntityFrameworkCore.Database.Command|Executed DbCommand (0ms) [Parameters=[], CommandType='Text', CommandTimeout='30']
SELECT OBJECT_ID(N'__EFMigrationsHistory');
2018-06-10 23:30:39.3936|INFO|Microsoft.EntityFrameworkCore.Database.Command|Executed DbCommand (0ms) [Parameters=[], CommandType='Text', CommandTimeout='30']
SELECT [MigrationId], [ProductVersion]
FROM [__EFMigrationsHistory]
ORDER BY [MigrationId];
2018-06-10 23:30:39.4187|INFO|Microsoft.EntityFrameworkCore.Migrations|No migrations were applied. The database is already up to date.
2018-06-10 23:30:39.6427|INFO|Microsoft.AspNetCore.Mvc.Internal.ControllerActionInvoker|Executing action method CoreApi.Controllers.ProductController.Post (CoreApi) with arguments (CoreApi.Dtos.ProductCreation) - ModelState is Valid
2018-06-10 23:30:39.9256|INFO|Microsoft.EntityFrameworkCore.Database.Command|Executed DbCommand (43ms) [Parameters=[@p0='?' (Size = 100), @p1='?' (Size = 50), @p2='?'], CommandType='Text', CommandTimeout='30']
SET NOCOUNT ON;
INSERT INTO [Products] ([Description], [Name], [Price])
VALUES (@p0, @p1, @p2);
SELECT [Id]
FROM [Products]
WHERE @@ROWCOUNT = 1 AND [Id] = scope_identity();
2018-06-10 23:30:40.0168|INFO|Microsoft.AspNetCore.Mvc.Internal.ObjectResultExecutor|Executing ObjectResult, writing value Microsoft.AspNetCore.Mvc.ControllerContext.
2018-06-10 23:30:40.1321|INFO|Microsoft.AspNetCore.Mvc.Internal.ControllerActionInvoker|Executed action CoreApi.Controllers.ProductController.Post (CoreApi) in 810.488ms
2018-06-10 23:30:40.1774|INFO|Microsoft.AspNetCore.Hosting.Internal.WebHost|Request finished in 1232.1887ms 201 application/json; charset=utf-8
2018-06-10 23:35:56.2741|INFO|Microsoft.EntityFrameworkCore.Database.Command|Executed DbCommand (0ms) [Parameters=[], CommandType='Text', CommandTimeout='30']
SELECT CASE
    WHEN EXISTS (
        SELECT 1
        FROM [Products] AS [p])
    THEN CAST(1 AS BIT) ELSE CAST(0 AS BIT)
END
2018-06-10 23:35:57.3767|INFO|Microsoft.AspNetCore.Hosting.Internal.WebHost|Request starting HTTP/1.1 GET http://localhost:62031/  
2018-06-10 23:35:57.7763|INFO|Microsoft.AspNetCore.Hosting.Internal.WebHost|Request finished in 455.0074ms 404 text/plain
2018-06-10 23:36:01.6357|INFO|Microsoft.AspNetCore.Hosting.Internal.WebHost|Request starting HTTP/1.1 GET http://localhost:62031/api/product/7  
2018-06-10 23:36:01.7789|INFO|Microsoft.EntityFrameworkCore.Infrastructure|Entity Framework Core 2.0.3-rtm-10026 initialized 'MyContext' using provider 'Microsoft.EntityFrameworkCore.SqlServer' with options: None
2018-06-10 23:36:01.8051|INFO|Microsoft.EntityFrameworkCore.Database.Command|Executed DbCommand (0ms) [Parameters=[], CommandType='Text', CommandTimeout='30']
SELECT OBJECT_ID(N'__EFMigrationsHistory');
2018-06-10 23:36:01.8304|INFO|Microsoft.EntityFrameworkCore.Database.Command|Executed DbCommand (0ms) [Parameters=[], CommandType='Text', CommandTimeout='30']
SELECT OBJECT_ID(N'__EFMigrationsHistory');
2018-06-10 23:36:01.8555|INFO|Microsoft.EntityFrameworkCore.Database.Command|Executed DbCommand (0ms) [Parameters=[], CommandType='Text', CommandTimeout='30']
SELECT [MigrationId], [ProductVersion]
FROM [__EFMigrationsHistory]
ORDER BY [MigrationId];
2018-06-10 23:36:01.8858|INFO|Microsoft.EntityFrameworkCore.Migrations|No migrations were applied. The database is already up to date.
2018-06-10 23:36:02.0242|INFO|Microsoft.AspNetCore.Mvc.Internal.ControllerActionInvoker|Executing action method CoreApi.Controllers.ProductController.GetProduct (CoreApi) with arguments (7, False) - ModelState is Valid
2018-06-10 23:36:02.1883|INFO|Microsoft.EntityFrameworkCore.Database.Command|Executed DbCommand (23ms) [Parameters=[@__get_Item_0='?'], CommandType='Text', CommandTimeout='30']
SELECT TOP(1) [e].[Id], [e].[Description], [e].[Name], [e].[Price]
FROM [Products] AS [e]
WHERE [e].[Id] = @__get_Item_0
2018-06-10 23:36:02.3285|INFO|Microsoft.AspNetCore.Mvc.Internal.ObjectResultExecutor|Executing ObjectResult, writing value Microsoft.AspNetCore.Mvc.ControllerContext.
2018-06-10 23:36:02.4255|INFO|Microsoft.AspNetCore.Mvc.Internal.ControllerActionInvoker|Executed action CoreApi.Controllers.ProductController.GetProduct (CoreApi) in 647.5625ms
2018-06-10 23:36:02.4508|INFO|Microsoft.AspNetCore.Hosting.Internal.WebHost|Request finished in 815.0241ms 200 application/json; charset=utf-8
2018-06-10 23:36:34.0488|INFO|Microsoft.AspNetCore.Hosting.Internal.WebHost|Request starting HTTP/1.1 PUT http://localhost:62031/api/product/7 application/json 40
2018-06-10 23:36:34.0910|INFO|Microsoft.EntityFrameworkCore.Infrastructure|Entity Framework Core 2.0.3-rtm-10026 initialized 'MyContext' using provider 'Microsoft.EntityFrameworkCore.SqlServer' with options: None
2018-06-10 23:36:34.1264|INFO|Microsoft.EntityFrameworkCore.Database.Command|Executed DbCommand (5ms) [Parameters=[], CommandType='Text', CommandTimeout='30']
SELECT OBJECT_ID(N'__EFMigrationsHistory');
2018-06-10 23:36:34.1612|INFO|Microsoft.EntityFrameworkCore.Database.Command|Executed DbCommand (5ms) [Parameters=[], CommandType='Text', CommandTimeout='30']
SELECT OBJECT_ID(N'__EFMigrationsHistory');
2018-06-10 23:36:34.1901|INFO|Microsoft.EntityFrameworkCore.Database.Command|Executed DbCommand (0ms) [Parameters=[], CommandType='Text', CommandTimeout='30']
SELECT [MigrationId], [ProductVersion]
FROM [__EFMigrationsHistory]
ORDER BY [MigrationId];
2018-06-10 23:36:34.2220|INFO|Microsoft.EntityFrameworkCore.Migrations|No migrations were applied. The database is already up to date.
2018-06-10 23:36:34.3614|INFO|Microsoft.AspNetCore.Mvc.Internal.ControllerActionInvoker|Executing action method CoreApi.Controllers.ProductController.Put (CoreApi) with arguments (7, CoreApi.Dtos.ProductModification) - ModelState is Valid
2018-06-10 23:36:38.1145|INFO|Microsoft.EntityFrameworkCore.Database.Command|Executed DbCommand (0ms) [Parameters=[@__get_Item_0='?'], CommandType='Text', CommandTimeout='30']
SELECT TOP(1) [e].[Id], [e].[Description], [e].[Name], [e].[Price]
FROM [Products] AS [e]
WHERE [e].[Id] = @__get_Item_0
2018-06-10 23:38:15.2943|INFO|Microsoft.EntityFrameworkCore.Database.Command|Executed DbCommand (0ms) [Parameters=[], CommandType='Text', CommandTimeout='30']
SELECT CASE
    WHEN EXISTS (
        SELECT 1
        FROM [Products] AS [p])
    THEN CAST(1 AS BIT) ELSE CAST(0 AS BIT)
END
2018-06-10 23:38:16.2154|INFO|Microsoft.AspNetCore.Hosting.Internal.WebHost|Request starting HTTP/1.1 GET http://localhost:62031/  
2018-06-10 23:38:16.5971|INFO|Microsoft.AspNetCore.Hosting.Internal.WebHost|Request finished in 446.1695ms 404 text/plain
2018-06-10 23:38:42.9454|INFO|Microsoft.AspNetCore.Hosting.Internal.WebHost|Request starting HTTP/1.1 PUT http://localhost:62031/api/product/7 application/json 40
2018-06-10 23:38:43.1117|INFO|Microsoft.EntityFrameworkCore.Infrastructure|Entity Framework Core 2.0.3-rtm-10026 initialized 'MyContext' using provider 'Microsoft.EntityFrameworkCore.SqlServer' with options: None
2018-06-10 23:38:43.1436|INFO|Microsoft.EntityFrameworkCore.Database.Command|Executed DbCommand (0ms) [Parameters=[], CommandType='Text', CommandTimeout='30']
SELECT OBJECT_ID(N'__EFMigrationsHistory');
2018-06-10 23:38:43.1739|INFO|Microsoft.EntityFrameworkCore.Database.Command|Executed DbCommand (0ms) [Parameters=[], CommandType='Text', CommandTimeout='30']
SELECT OBJECT_ID(N'__EFMigrationsHistory');
2018-06-10 23:38:43.2031|INFO|Microsoft.EntityFrameworkCore.Database.Command|Executed DbCommand (2ms) [Parameters=[], CommandType='Text', CommandTimeout='30']
SELECT [MigrationId], [ProductVersion]
FROM [__EFMigrationsHistory]
ORDER BY [MigrationId];
2018-06-10 23:38:43.2276|INFO|Microsoft.EntityFrameworkCore.Migrations|No migrations were applied. The database is already up to date.
2018-06-10 23:38:43.4615|INFO|Microsoft.AspNetCore.Mvc.Internal.ControllerActionInvoker|Executing action method CoreApi.Controllers.ProductController.Put (CoreApi) with arguments (7, CoreApi.Dtos.ProductModification) - ModelState is Valid
2018-06-10 23:38:45.2594|INFO|Microsoft.EntityFrameworkCore.Database.Command|Executed DbCommand (22ms) [Parameters=[@__get_Item_0='?'], CommandType='Text', CommandTimeout='30']
SELECT TOP(1) [e].[Id], [e].[Description], [e].[Name], [e].[Price]
FROM [Products] AS [e]
WHERE [e].[Id] = @__get_Item_0
2018-06-10 23:38:59.4334|INFO|Microsoft.EntityFrameworkCore.Database.Command|Executed DbCommand (3ms) [Parameters=[@p1='?', @p0='?'], CommandType='Text', CommandTimeout='30']
SET NOCOUNT ON;
UPDATE [Products] SET [Price] = @p0
WHERE [Id] = @p1;
SELECT @@ROWCOUNT;
2018-06-10 23:39:01.6628|INFO|Microsoft.AspNetCore.Mvc.StatusCodeResult|Executing HttpStatusCodeResult, setting HTTP status code 204
2018-06-10 23:39:01.7026|INFO|Microsoft.AspNetCore.Mvc.Internal.ControllerActionInvoker|Executed action CoreApi.Controllers.ProductController.Put (CoreApi) in 18614.7172ms
2018-06-10 23:39:01.7375|INFO|Microsoft.AspNetCore.Hosting.Internal.WebHost|Request finished in 18772.2493ms 204 
